
> duty-rota-frontend@0.1.0 dev
> vite --host 0.0.0.0 --host 127.0.0.1 --port 5173


  [32m[1mVITE[22m v5.4.21[39m  [2mready in [0m[1m2345[22m[2m[0m ms[22m

  [32m➜[39m  [1mLocal[22m:   [36mhttp://127.0.0.1:[1m5173[22m/[39m
[2m21:48:39[22m [36m[1m[vite][22m[39m [32mpage reload [39m[2msrc/main.ts[22m
[2m21:49:44[22m [36m[1m[vite][22m[39m [32mpage reload [39m[2msrc/main.ts[22m
[2m21:50:21[22m [36m[1m[vite][22m[39m [32mpage reload [39m[2msrc/main.ts[22m
[2m21:51:02[22m [36m[1m[vite][22m[39m [32mpage reload [39m[2msrc/main.ts[22m
[2m21:52:01[22m [36m[1m[vite][22m[39m [32mhmr update [39m[2m/src/styles.css[22m
[2m22:27:54[22m [36m[1m[vite][22m[39m [32mpage reload [39m[2msrc/services/api.ts[22m
[2m22:28:13[22m [36m[1m[vite][22m[39m [32mpage reload [39m[2msrc/main.ts[22m
[2m22:28:44[22m [36m[1m[vite][22m[39m [32mpage reload [39m[2msrc/main.ts[22m
[2m22:29:05[22m [36m[1m[vite][22m[39m [32mpage reload [39m[2msrc/main.ts[22m
[2m22:29:28[22m [36m[1m[vite][22m[39m [32mpage reload [39m[2msrc/main.ts[22m
[2m22:29:53[22m [36m[1m[vite][22m[39m [32mpage reload [39m[2msrc/main.ts[22m
[2m22:30:38[22m [36m[1m[vite][22m[39m [32mhmr update [39m[2m/src/styles.css[22m
[2m06:23:08[22m [36m[1m[vite][22m[39m [32mpage reload [39m[2msrc/services/api.ts[22m
[2m06:23:46[22m [36m[1m[vite][22m[39m [32mpage reload [39m[2msrc/main.ts[22m
[2m06:24:28[22m [36m[1m[vite][22m[39m [32mpage reload [39m[2msrc/main.ts[22m
[2m06:25:07[22m [36m[1m[vite][22m[39m [32mhmr update [39m[2m/src/styles.css[22m
[2m08:46:45[22m [36m[1m[vite][22m[39m [32mpage reload [39m[2msrc/main.ts[22m
[2m08:47:28[22m [36m[1m[vite][22m[39m [32mpage reload [39m[2msrc/main.ts[22m
[2m08:48:02[22m [36m[1m[vite][22m[39m [32mpage reload [39m[2msrc/main.ts[22m
[2m08:48:41[22m [36m[1m[vite][22m[39m [32mpage reload [39m[2msrc/main.ts[22m
[2m08:49:05[22m [36m[1m[vite][22m[39m [32mpage reload [39m[2msrc/main.ts[22m
[2m08:49:45[22m [36m[1m[vite][22m[39m [32mpage reload [39m[2msrc/main.ts[22m
[2m08:50:19[22m [36m[1m[vite][22m[39m [32mpage reload [39m[2msrc/main.ts[22m
[2m08:51:33[22m [36m[1m[vite][22m[39m [32mhmr update [39m[2m/src/styles.css[22m
[2m08:52:33[22m [36m[1m[vite][22m[39m [32mpage reload [39m[2msrc/main.ts[22m
[2m13:08:54[22m [36m[1m[vite][22m[39m [32mpage reload [39m[2msrc/main.ts[22m
