
> duty-rota-frontend@0.1.0 dev
> vite --host 0.0.0.0 --host 127.0.0.1 --port 5173

Re-optimizing dependencies because vite config has changed

  [32m[1mVITE[22m v5.4.21[39m  [2mready in [0m[1m961[22m[2m[0m ms[22m

  [32m➜[39m  [1mLocal[22m:   [36mhttp://127.0.0.1:[1m5173[22m/[39m
[2m[32m  ➜[39m[22m[2m  press [22m[1mh + enter[22m[2m to show help[22m
[2m19:13:18[22m [31m[1m[vite][22m[39m [31mhttp proxy error: /api/v1/auth/me[39m
AggregateError [ECONNREFUSED]: 
    at internalConnectMultiple (node:net:1142:49)
    at afterConnectMultiple (node:net:1723:7)
[2m19:13:19[22m [31m[1m[vite][22m[39m [31mhttp proxy error: /api/v1/auth/sign-in[39m
AggregateError [ECONNREFUSED]: 
    at internalConnectMultiple (node:net:1142:49)
    at afterConnectMultiple (node:net:1723:7)
[2m19:22:02[22m [31m[1m[vite][22m[39m [31mhttp proxy error: /api/v1/auth/sign-in[39m
AggregateError [ECONNREFUSED]: 
    at internalConnectMultiple (node:net:1142:49)
    at afterConnectMultiple (node:net:1723:7)
[2m19:22:21[22m [31m[1m[vite][22m[39m [31mhttp proxy error: /api/v1/auth/me[39m
AggregateError [ECONNREFUSED]: 
    at internalConnectMultiple (node:net:1142:49)
    at afterConnectMultiple (node:net:1723:7)
[2m19:22:41[22m [36m[1m[vite][22m[39m [32mpage reload [39m[2mD:/Coding/Duty Rota software/frontend/src/services/api.ts[22m
[2m19:22:47[22m [36m[1m[vite][22m[39m [32mpage reload [39m[2mD:/Coding/Duty Rota software/frontend/src/main.ts[22m
[2m19:23:06[22m [36m[1m[vite][22m[39m [32mpage reload [39m[2mD:/Coding/Duty Rota software/frontend/src/main.ts[22m
[2m19:23:20[22m [36m[1m[vite][22m[39m [32mpage reload [39m[2mD:/Coding/Duty Rota software/frontend/src/main.ts[22m
[2m19:23:42[22m [36m[1m[vite][22m[39m [32mpage reload [39m[2mD:/Coding/Duty Rota software/frontend/src/main.ts[22m
[2m19:23:47[22m [36m[1m[vite][22m[39m [32mpage reload [39m[2mD:/Coding/Duty Rota software/frontend/src/main.ts[22m
[2m19:23:52[22m [36m[1m[vite][22m[39m [32mpage reload [39m[2mD:/Coding/Duty Rota software/frontend/src/main.ts[22m
[2m19:23:57[22m [36m[1m[vite][22m[39m [32mpage reload [39m[2mD:/Coding/Duty Rota software/frontend/src/main.ts[22m
[2m19:24:12[22m [36m[1m[vite][22m[39m [32mpage reload [39m[2mD:/Coding/Duty Rota software/frontend/src/main.ts[22m
[2m20:16:55[22m [31m[1m[vite][22m[39m [31mhttp proxy error: /api/v1/auth/me[39m
AggregateError [ECONNREFUSED]: 
    at internalConnectMultiple (node:net:1142:49)
    at afterConnectMultiple (node:net:1723:7)
[2m20:16:56[22m [31m[1m[vite][22m[39m [31mhttp proxy error: /api/v1/auth/sign-in[39m
AggregateError [ECONNREFUSED]: 
    at internalConnectMultiple (node:net:1142:49)
    at afterConnectMultiple (node:net:1723:7)
[2m20:18:19[22m [36m[1m[vite][22m[39m [32mvite.config.ts changed, restarting server...[39m
[2m20:18:19[22m [36m[1m[vite][22m[39m server restarted.
[2m20:39:55[22m [36m[1m[vite][22m[39m [32mpage reload [39m[2mD:/Coding/Duty Rota software/frontend/src/services/api.ts[22m
[2m20:40:07[22m [36m[1m[vite][22m[39m [32mpage reload [39m[2mD:/Coding/Duty Rota software/frontend/src/services/api.ts[22m
[2m20:40:15[22m [36m[1m[vite][22m[39m [32mpage reload [39m[2mD:/Coding/Duty Rota software/frontend/src/services/api.ts[22m
[2m20:40:21[22m [36m[1m[vite][22m[39m [32mpage reload [39m[2mD:/Coding/Duty Rota software/frontend/src/main.ts[22m
[2m20:40:26[22m [36m[1m[vite][22m[39m [32mpage reload [39m[2mD:/Coding/Duty Rota software/frontend/src/main.ts[22m
[2m20:40:44[22m [36m[1m[vite][22m[39m [32mpage reload [39m[2mD:/Coding/Duty Rota software/frontend/src/main.ts[22m
[2m20:41:04[22m [36m[1m[vite][22m[39m [32mpage reload [39m[2mD:/Coding/Duty Rota software/frontend/src/main.ts[22m
[2m20:41:13[22m [36m[1m[vite][22m[39m [32mpage reload [39m[2mD:/Coding/Duty Rota software/frontend/src/main.ts[22m
[2m20:41:20[22m [36m[1m[vite][22m[39m [32mpage reload [39m[2mD:/Coding/Duty Rota software/frontend/src/main.ts[22m
[2m20:41:26[22m [36m[1m[vite][22m[39m [32mpage reload [39m[2mD:/Coding/Duty Rota software/frontend/src/main.ts[22m
[2m20:41:35[22m [36m[1m[vite][22m[39m [32mpage reload [39m[2mD:/Coding/Duty Rota software/frontend/src/main.ts[22m
[2m20:42:00[22m [36m[1m[vite][22m[39m [32mpage reload [39m[2mD:/Coding/Duty Rota software/frontend/src/main.ts[22m
[2m20:42:11[22m [36m[1m[vite][22m[39m [32mpage reload [39m[2mD:/Coding/Duty Rota software/frontend/src/main.ts[22m
[2m20:42:27[22m [36m[1m[vite][22m[39m [32mhmr update [39m[2m/@fs/D:/Coding/Duty Rota software/frontend/src/styles.css[22m
[2m20:42:33[22m [36m[1m[vite][22m[39m [32mpage reload [39m[2mD:/Coding/Duty Rota software/frontend/src/main.ts[22m
[2m20:42:44[22m [36m[1m[vite][22m[39m [32mpage reload [39m[2mD:/Coding/Duty Rota software/frontend/src/main.ts[22m
[2m20:43:59[22m [36m[1m[vite][22m[39m [32mpage reload [39m[2mD:/Coding/Duty Rota software/frontend/src/main.ts[22m
[2m20:44:27[22m [36m[1m[vite][22m[39m [32mpage reload [39m[2mD:/Coding/Duty Rota software/frontend/src/main.ts[22m
[2m20:44:46[22m [36m[1m[vite][22m[39m [32mpage reload [39m[2mD:/Coding/Duty Rota software/frontend/src/main.ts[22m
[2m21:21:09[22m [31m[1m[vite][22m[39m [31mhttp proxy error: /api/v1/auth/me[39m
Error: connect ECONNREFUSED 127.0.0.1:8000
    at TCPConnectWrap.afterConnect [as oncomplete] (node:net:1645:16)
[2m21:21:10[22m [31m[1m[vite][22m[39m [31mhttp proxy error: /api/v1/auth/sign-in[39m
Error: connect ECONNREFUSED 127.0.0.1:8000
    at TCPConnectWrap.afterConnect [as oncomplete] (node:net:1645:16)
[2m21:21:11[22m [31m[1m[vite][22m[39m [31mhttp proxy error: /api/v1/auth/sign-in[39m
Error: connect ECONNREFUSED 127.0.0.1:8000
    at TCPConnectWrap.afterConnect [as oncomplete] (node:net:1645:16)
[2m21:22:45[22m [36m[1m[vite][22m[39m [32mpage reload [39m[2mD:/Coding/Duty Rota software/frontend/src/services/api.ts[22m
[2m21:22:45[22m [31m[1m[vite][22m[39m [31mInternal server error: Transform failed with 1 error:
D:/Coding/Duty Rota software/frontend/src/services/api.ts:30:6: ERROR: Expected ";" but found "from"[39m
  Plugin: [35mvite:esbuild[39m
  File: [36mD:/Coding/Duty Rota software/frontend/src/services/api.ts[39m:30:6
[33m  
  [33mExpected ";" but found "from"[33m
  28 |      throw new Error(
  29 |        "Backend server is offline. Start Duty Rota with launch.bat and keep the Backend window running.",
  30 |      ) from error;
     |        ^
  31 |    }
  32 |    if (!response.ok) {
  [39m
      at failureErrorWithLog (d:\Coding\Duty Rota software\frontend\node_modules\esbuild\lib\main.js:1472:15)
      at d:\Coding\Duty Rota software\frontend\node_modules\esbuild\lib\main.js:755:50
      at responseCallbacks.<computed> (d:\Coding\Duty Rota software\frontend\node_modules\esbuild\lib\main.js:622:9)
      at handleIncomingPacket (d:\Coding\Duty Rota software\frontend\node_modules\esbuild\lib\main.js:677:12)
      at Socket.readFromStdout (d:\Coding\Duty Rota software\frontend\node_modules\esbuild\lib\main.js:600:7)
      at Socket.emit (node:events:508:28)
      at addChunk (node:internal/streams/readable:563:12)
      at readableAddChunkPushByteMode (node:internal/streams/readable:514:3)
      at Readable.push (node:internal/streams/readable:394:5)
      at Pipe.onStreamRead (node:internal/stream_base_commons:189:23)
[2m21:22:45[22m [31m[1m[vite][22m[39m Pre-transform error: Transform failed with 1 error:
D:/Coding/Duty Rota software/frontend/src/services/api.ts:30:6: ERROR: Expected ";" but found "from"
[2m21:22:59[22m [36m[1m[vite][22m[39m [32mpage reload [39m[2mD:/Coding/Duty Rota software/frontend/src/services/api.ts[22m
[2m21:30:17[22m [36m[1m[vite][22m[39m [32mpage reload [39m[2mD:/Coding/Duty Rota software/frontend/src/main.ts[22m
[2m21:30:29[22m [36m[1m[vite][22m[39m [32mpage reload [39m[2mD:/Coding/Duty Rota software/frontend/src/main.ts[22m
[2m21:30:39[22m [36m[1m[vite][22m[39m [32mpage reload [39m[2mD:/Coding/Duty Rota software/frontend/src/main.ts[22m
[2m21:31:06[22m [36m[1m[vite][22m[39m [32mpage reload [39m[2mD:/Coding/Duty Rota software/frontend/src/main.ts[22m
[2m21:31:32[22m [36m[1m[vite][22m[39m [32mpage reload [39m[2mD:/Coding/Duty Rota software/frontend/src/main.ts[22m
[2m21:38:31[22m [36m[1m[vite][22m[39m [32mpage reload [39m[2mD:/Coding/Duty Rota software/frontend/src/services/api.ts[22m
[2m21:38:35[22m [36m[1m[vite][22m[39m [32mpage reload [39m[2mD:/Coding/Duty Rota software/frontend/src/main.ts[22m
[2m21:38:40[22m [36m[1m[vite][22m[39m [32mpage reload [39m[2mD:/Coding/Duty Rota software/frontend/src/main.ts[22m
[2m21:38:46[22m [36m[1m[vite][22m[39m [32mpage reload [39m[2mD:/Coding/Duty Rota software/frontend/src/main.ts[22m
[2m21:39:34[22m [36m[1m[vite][22m[39m [32mpage reload [39m[2mD:/Coding/Duty Rota software/frontend/src/main.ts[22m
[2m21:40:57[22m [36m[1m[vite][22m[39m [32mpage reload [39m[2mD:/Coding/Duty Rota software/frontend/src/services/api.ts[22m
[2m21:50:24[22m [36m[1m[vite][22m[39m [32mpage reload [39m[2mD:/Coding/Duty Rota software/frontend/src/services/api.ts[22m
[2m21:50:43[22m [36m[1m[vite][22m[39m [32mpage reload [39m[2mD:/Coding/Duty Rota software/frontend/src/main.ts[22m
[2m21:50:49[22m [36m[1m[vite][22m[39m [32mpage reload [39m[2mD:/Coding/Duty Rota software/frontend/src/main.ts[22m
[2m21:50:55[22m [36m[1m[vite][22m[39m [32mhmr update [39m[2m/@fs/D:/Coding/Duty Rota software/frontend/src/styles.css[22m
[2m22:00:57[22m [36m[1m[vite][22m[39m [32mpage reload [39m[2mD:/Coding/Duty Rota software/frontend/src/services/api.ts[22m
[2m22:01:09[22m [36m[1m[vite][22m[39m [32mpage reload [39m[2mD:/Coding/Duty Rota software/frontend/src/main.ts[22m
[2m22:01:21[22m [36m[1m[vite][22m[39m [32mpage reload [39m[2mD:/Coding/Duty Rota software/frontend/src/main.ts[22m
[2m22:01:32[22m [36m[1m[vite][22m[39m [32mpage reload [39m[2mD:/Coding/Duty Rota software/frontend/src/main.ts[22m
[2m22:01:38[22m [36m[1m[vite][22m[39m [32mpage reload [39m[2mD:/Coding/Duty Rota software/frontend/src/main.ts[22m
[2m22:19:15[22m [36m[1m[vite][22m[39m [32mpage reload [39m[2mD:/Coding/Duty Rota software/frontend/src/services/api.ts[22m
[2m22:19:19[22m [36m[1m[vite][22m[39m [32mpage reload [39m[2mD:/Coding/Duty Rota software/frontend/src/main.ts[22m
[2m22:19:24[22m [36m[1m[vite][22m[39m [32mpage reload [39m[2mD:/Coding/Duty Rota software/frontend/src/main.ts[22m
[2m22:19:33[22m [36m[1m[vite][22m[39m [32mpage reload [39m[2mD:/Coding/Duty Rota software/frontend/src/main.ts[22m
[2m22:39:06[22m [36m[1m[vite][22m[39m [32mpage reload [39m[2mD:/Coding/Duty Rota software/frontend/src/services/api.ts[22m
[2m22:39:12[22m [36m[1m[vite][22m[39m [32mpage reload [39m[2mD:/Coding/Duty Rota software/frontend/src/services/api.ts[22m
[2m22:39:18[22m [36m[1m[vite][22m[39m [32mpage reload [39m[2mD:/Coding/Duty Rota software/frontend/src/main.ts[22m
[2m22:39:47[22m [36m[1m[vite][22m[39m [32mpage reload [39m[2mD:/Coding/Duty Rota software/frontend/src/main.ts[22m
[2m22:39:58[22m [36m[1m[vite][22m[39m [32mpage reload [39m[2mD:/Coding/Duty Rota software/frontend/src/main.ts[22m
[2m22:40:14[22m [36m[1m[vite][22m[39m [32mpage reload [39m[2mD:/Coding/Duty Rota software/frontend/src/main.ts[22m
[2m22:40:24[22m [36m[1m[vite][22m[39m [32mpage reload [39m[2mD:/Coding/Duty Rota software/frontend/src/main.ts[22m
[2m22:59:44[22m [36m[1m[vite][22m[39m [32mpage reload [39m[2mD:/Coding/Duty Rota software/frontend/src/services/api.ts[22m
[2m22:59:44[22m [36m[1m[vite][22m[39m [32mpage reload [39m[2mD:/Coding/Duty Rota software/frontend/src/services/api.ts[22m
[2m22:59:51[22m [36m[1m[vite][22m[39m [32mpage reload [39m[2mD:/Coding/Duty Rota software/frontend/src/main.ts[22m
[2m23:12:59[22m [36m[1m[vite][22m[39m [32mpage reload [39m[2mD:/Coding/Duty Rota software/frontend/src/services/api.ts[22m
[2m23:13:09[22m [36m[1m[vite][22m[39m [32mpage reload [39m[2mD:/Coding/Duty Rota software/frontend/src/main.ts[22m
